Performing C++ SOURCE FILE Test CMAKE_HAVE_LIBC_PTHREAD failed with the following output:
Change Dir: C:/opensim-core-dependencies-build/spdlog/build/CMakeFiles/CMakeTmp

Run Build Command(s):C:/Program Files/Microsoft Visual Studio/2022/Community/MSBuild/Current/Bin/amd64/MSBuild.exe cmTC_c4d55.vcxproj /p:Configuration=Debug /p:Platform=x64 /p:VisualStudioVersion=17.0 /v:m && MSBuild version 17.3.1+2badb37d1 for .NET Framework
  Microsoft (R) C/C++ Optimizing Compiler Version 19.33.31630 for x64
  src.cxx
  Copyright (C) Microsoft Corporation.  All rights reserved.
  cl /c /Zi /W3 /WX- /diagnostics:column /Od /Ob0 /D _MBCS /D WIN32 /D _WINDOWS /D CMAKE_HAVE_LIBC_PTHREAD /D "CMAKE_INTDIR=\"Debug\"" /Gm- /EHsc /RTC1 /MDd /GS /fp:precise /Zc:wchar_t /Zc:forScope /Zc:inline /GR /Fo"cmTC_c4d55.dir\Debug\\" /Fd"cmTC_c4d55.dir\Debug\vc143.pdb" /external:W3 /Gd /TP /errorReport:queue "C:\opensim-core-dependencies-build\spdlog\build\CMakeFiles\CMakeTmp\src.cxx"
C:\opensim-core-dependencies-build\spdlog\build\CMakeFiles\CMakeTmp\src.cxx(1,10): fatal  error C1083: Cannot open include file: 'pthread.h': No such file or directory [C:\opensim-core-dependencies-build\spdlog\build\CMakeFiles\CMakeTmp\cmTC_c4d55.vcxproj]


Source file was:
#include <pthread.h>

static void* test_func(void* data)
{
  return data;
}

int main(void)
{
  pthread_t thread;
  pthread_create(&thread, NULL, test_func, NULL);
  pthread_detach(thread);
  pthread_cancel(thread);
  pthread_join(thread, NULL);
  pthread_atfork(NULL, NULL, NULL);
  pthread_exit(NULL);

  return 0;
}

Determining if the function pthread_create exists in the pthreads failed with the following output:
Change Dir: C:/opensim-core-dependencies-build/spdlog/build/CMakeFiles/CMakeTmp

Run Build Command(s):C:/Program Files/Microsoft Visual Studio/2022/Community/MSBuild/Current/Bin/amd64/MSBuild.exe cmTC_b8c61.vcxproj /p:Configuration=Debug /p:Platform=x64 /p:VisualStudioVersion=17.0 /v:m && MSBuild version 17.3.1+2badb37d1 for .NET Framework
  Microsoft (R) C/C++ Optimizing Compiler Version 19.33.31630 for x64
  Copyright (C) Microsoft Corporation.  All rights reserved.
  CheckFunctionExists.cxx
  cl /c /Zi /W3 /WX- /diagnostics:column /Od /Ob0 /D _MBCS /D WIN32 /D _WINDOWS /D CHECK_FUNCTION_EXISTS=pthread_create /D "CMAKE_INTDIR=\"Debug\"" /Gm- /EHsc /RTC1 /MDd /GS /fp:precise /Zc:wchar_t /Zc:forScope /Zc:inline /GR /Fo"cmTC_b8c61.dir\Debug\\" /Fd"cmTC_b8c61.dir\Debug\vc143.pdb" /external:W3 /Gd /TP /errorReport:queue "C:\opensim-core-dependencies-build\spdlog\build\CMakeFiles\CheckLibraryExists\CheckFunctionExists.cxx"
LINK : fatal error LNK1104: cannot open file 'pthreads.lib' [C:\opensim-core-dependencies-build\spdlog\build\CMakeFiles\CMakeTmp\cmTC_b8c61.vcxproj]



Determining if the function pthread_create exists in the pthread failed with the following output:
Change Dir: C:/opensim-core-dependencies-build/spdlog/build/CMakeFiles/CMakeTmp

Run Build Command(s):C:/Program Files/Microsoft Visual Studio/2022/Community/MSBuild/Current/Bin/amd64/MSBuild.exe cmTC_4cc01.vcxproj /p:Configuration=Debug /p:Platform=x64 /p:VisualStudioVersion=17.0 /v:m && MSBuild version 17.3.1+2badb37d1 for .NET Framework
  Microsoft (R) C/C++ Optimizing Compiler Version 19.33.31630 for x64
  CheckFunctionExists.cxx
  Copyright (C) Microsoft Corporation.  All rights reserved.
  cl /c /Zi /W3 /WX- /diagnostics:column /Od /Ob0 /D _MBCS /D WIN32 /D _WINDOWS /D CHECK_FUNCTION_EXISTS=pthread_create /D "CMAKE_INTDIR=\"Debug\"" /Gm- /EHsc /RTC1 /MDd /GS /fp:precise /Zc:wchar_t /Zc:forScope /Zc:inline /GR /Fo"cmTC_4cc01.dir\Debug\\" /Fd"cmTC_4cc01.dir\Debug\vc143.pdb" /external:W3 /Gd /TP /errorReport:queue "C:\opensim-core-dependencies-build\spdlog\build\CMakeFiles\CheckLibraryExists\CheckFunctionExists.cxx"
LINK : fatal error LNK1104: cannot open file 'pthread.lib' [C:\opensim-core-dependencies-build\spdlog\build\CMakeFiles\CMakeTmp\cmTC_4cc01.vcxproj]



