Performing C SOURCE FILE Test CMAKE_HAVE_LIBC_PTHREAD failed with the following output:
Change Dir: C:/opensim-core-build/CMakeFiles/CMakeTmp

Run Build Command(s):C:/Program Files/Microsoft Visual Studio/2022/Community/MSBuild/Current/Bin/amd64/MSBuild.exe cmTC_2d6da.vcxproj /p:Configuration=Debug /p:Platform=x64 /p:VisualStudioVersion=17.0 /v:m && MSBuild version 17.3.1+2badb37d1 for .NET Framework
  Microsoft (R) C/C++ Optimizing Compiler Version 19.33.31630 for x64
  src.c
  Copyright (C) Microsoft Corporation.  All rights reserved.
  cl /c /Zi /W3 /WX- /diagnostics:column /MP /Od /Ob0 /D _MBCS /D WIN32 /D _WINDOWS /D _DEBUG /D CMAKE_HAVE_LIBC_PTHREAD /D "CMAKE_INTDIR=\"Debug\"" /Gm- /RTC1 /MDd /GS- /fp:precise /Zc:wchar_t /Zc:forScope /Zc:inline /Fo"cmTC_2d6da.dir\Debug\\" /Fd"cmTC_2d6da.dir\Debug\vc143.pdb" /external:W3 /Gd /TC /errorReport:queue "C:\opensim-core-build\CMakeFiles\CMakeTmp\src.c"
C:\opensim-core-build\CMakeFiles\CMakeTmp\src.c(1,10): fatal  error C1083: Cannot open include file: 'pthread.h': No such file or directory [C:\opensim-core-build\CMakeFiles\CMakeTmp\cmTC_2d6da.vcxproj]


Source file was:
#include <pthread.h>

static void* test_func(void* data)
{
  return data;
}

int main(void)
{
  pthread_t thread;
  pthread_create(&thread, NULL, test_func, NULL);
  pthread_detach(thread);
  pthread_cancel(thread);
  pthread_join(thread, NULL);
  pthread_atfork(NULL, NULL, NULL);
  pthread_exit(NULL);

  return 0;
}

Determining if the function pthread_create exists in the pthreads failed with the following output:
Change Dir: C:/opensim-core-build/CMakeFiles/CMakeTmp

Run Build Command(s):C:/Program Files/Microsoft Visual Studio/2022/Community/MSBuild/Current/Bin/amd64/MSBuild.exe cmTC_e922d.vcxproj /p:Configuration=Debug /p:Platform=x64 /p:VisualStudioVersion=17.0 /v:m && MSBuild version 17.3.1+2badb37d1 for .NET Framework
  Microsoft (R) C/C++ Optimizing Compiler Version 19.33.31630 for x64
  CheckFunctionExists.c
  Copyright (C) Microsoft Corporation.  All rights reserved.
  cl /c /Zi /W3 /WX- /diagnostics:column /MP /Od /Ob0 /D _MBCS /D WIN32 /D _WINDOWS /D CHECK_FUNCTION_EXISTS=pthread_create /D _DEBUG /D "CMAKE_INTDIR=\"Debug\"" /Gm- /RTC1 /MDd /GS- /fp:precise /Zc:wchar_t /Zc:forScope /Zc:inline /Fo"cmTC_e922d.dir\Debug\\" /Fd"cmTC_e922d.dir\Debug\vc143.pdb" /external:W3 /Gd /TC /errorReport:queue "C:\Program Files\CMake\share\cmake-3.24\Modules\CheckFunctionExists.c"
LINK : fatal error LNK1104: cannot open file 'pthreads.lib' [C:\opensim-core-build\CMakeFiles\CMakeTmp\cmTC_e922d.vcxproj]



Determining if the function pthread_create exists in the pthread failed with the following output:
Change Dir: C:/opensim-core-build/CMakeFiles/CMakeTmp

Run Build Command(s):C:/Program Files/Microsoft Visual Studio/2022/Community/MSBuild/Current/Bin/amd64/MSBuild.exe cmTC_cda0c.vcxproj /p:Configuration=Debug /p:Platform=x64 /p:VisualStudioVersion=17.0 /v:m && MSBuild version 17.3.1+2badb37d1 for .NET Framework
  Microsoft (R) C/C++ Optimizing Compiler Version 19.33.31630 for x64
  CheckFunctionExists.c
  Copyright (C) Microsoft Corporation.  All rights reserved.
  cl /c /Zi /W3 /WX- /diagnostics:column /MP /Od /Ob0 /D _MBCS /D WIN32 /D _WINDOWS /D CHECK_FUNCTION_EXISTS=pthread_create /D _DEBUG /D "CMAKE_INTDIR=\"Debug\"" /Gm- /RTC1 /MDd /GS- /fp:precise /Zc:wchar_t /Zc:forScope /Zc:inline /Fo"cmTC_cda0c.dir\Debug\\" /Fd"cmTC_cda0c.dir\Debug\vc143.pdb" /external:W3 /Gd /TC /errorReport:queue "C:\Program Files\CMake\share\cmake-3.24\Modules\CheckFunctionExists.c"
LINK : fatal error LNK1104: cannot open file 'pthread.lib' [C:\opensim-core-build\CMakeFiles\CMakeTmp\cmTC_cda0c.vcxproj]



